<?xml version="1.0" encoding="UTF-8"?>
<testng-results ignored="0" total="1" passed="1" failed="0" skipped="0">
  <reporter-output>
    <line>
      <![CDATA[Successfully CreatedHDFC_001]]>
    </line>
  </reporter-output>
  <suite started-at="2022-05-07T01:09:12 IST" name="Default suite" finished-at="2022-05-07T01:09:34 IST" duration-ms="21437">
    <groups>
    </groups>
    <test started-at="2022-05-07T01:09:12 IST" name="Default test" finished-at="2022-05-07T01:09:34 IST" duration-ms="21437">
      <class name="com.actitime.testscripts.CustomerModule">
        <test-method is-config="true" signature="openBrowser()[pri:0, instance:com.actitime.testscripts.CustomerModule@16610890]" started-at="2022-05-07T01:09:12 IST" name="openBrowser" finished-at="2022-05-07T01:09:14 IST" duration-ms="1292" status="PASS">
          <reporter-output>
          </reporter-output>
        </test-method> <!-- openBrowser -->
        <test-method is-config="true" signature="login()[pri:0, instance:com.actitime.testscripts.CustomerModule@16610890]" started-at="2022-05-07T01:09:14 IST" name="login" finished-at="2022-05-07T01:09:23 IST" duration-ms="9522" status="PASS">
          <reporter-output>
          </reporter-output>
        </test-method> <!-- login -->
        <test-method signature="createCustomer()[pri:0, instance:com.actitime.testscripts.CustomerModule@16610890]" started-at="2022-05-07T01:09:23 IST" name="createCustomer" finished-at="2022-05-07T01:09:32 IST" duration-ms="8650" status="PASS">
          <reporter-output>
            <line>
              <![CDATA[Successfully CreatedHDFC_001]]>
            </line>
          </reporter-output>
        </test-method> <!-- createCustomer -->
        <test-method is-config="true" signature="closeBrowser()[pri:0, instance:com.actitime.testscripts.CustomerModule@16610890]" started-at="2022-05-07T01:09:32 IST" name="closeBrowser" finished-at="2022-05-07T01:09:32 IST" duration-ms="0" status="PASS">
          <reporter-output>
          </reporter-output>
        </test-method> <!-- closeBrowser -->
        <test-method is-config="true" signature="logout()[pri:0, instance:com.actitime.testscripts.CustomerModule@16610890]" started-at="2022-05-07T01:09:32 IST" name="logout" finished-at="2022-05-07T01:09:34 IST" duration-ms="1942" status="PASS">
          <reporter-output>
          </reporter-output>
        </test-method> <!-- logout -->
      </class> <!-- com.actitime.testscripts.CustomerModule -->
    </test> <!-- Default test -->
  </suite> <!-- Default suite -->
</testng-results>
